# JRE version: Java(TM) SE Runtime Environment (8.0_11-b12) (build 1.8.0_11-b12)
# Java VM: Java HotSpot(TM) 64-Bit Server VM (25.11-b03 mixed mode bsd-amd64 compressed oops)
Heap:
 PSYoungGen      total 12288K, used 5625K [0x00000007aab00000, 0x00000007ac100000, 0x00000007c0000000)
  eden space 10752K, 38% used [0x00000007aab00000,0x00000007aaefe770,0x00000007ab580000)
  from space 1536K, 100% used [0x00000007ab580000,0x00000007ab700000,0x00000007ab700000)
  to   space 2560K, 0% used [0x00000007abe80000,0x00000007abe80000,0x00000007ac100000)
 ParOldGen       total 64000K, used 4898K [0x0000000780000000, 0x0000000783e80000, 0x00000007aab00000)
  object space 64000K, 7% used [0x0000000780000000,0x00000007804c8a80,0x0000000783e80000)
 Metaspace       used 17275K, capacity 17472K, committed 17536K, reserved 1064960K
  class space    used 2606K, capacity 2657K, committed 2688K, reserved 1048576K
GC Heap History (10 events):
Event: 1.687 GC heap before
{Heap before GC invocations=9 (full 0):
 PSYoungGen      total 5120K, used 5056K [0x00000007aab00000, 0x00000007ab100000, 0x00000007c0000000)
  eden space 4096K, 100% used [0x00000007aab00000,0x00000007aaf00000,0x00000007aaf00000)
  from space 1024K, 93% used [0x00000007ab000000,0x00000007ab0f0030,0x00000007ab100000)
  to   space 1024K, 0% used [0x00000007aaf00000,0x00000007aaf00000,0x00000007ab000000)
 ParOldGen       total 64000K, used 712K [0x0000000780000000, 0x0000000783e80000, 0x00000007aab00000)
  object space 64000K, 1% used [0x0000000780000000,0x00000007800b2050,0x0000000783e80000)
 Metaspace       used 8114K, capacity 8302K, committed 8576K, reserved 1056768K
  class space    used 1005K, capacity 1049K, committed 1152K, reserved 1048576K
Event: 1.700 GC heap after
Heap after GC invocations=9 (full 0):
 PSYoungGen      total 5120K, used 1000K [0x00000007aab00000, 0x00000007ab480000, 0x00000007c0000000)
  eden space 4096K, 0% used [0x00000007aab00000,0x00000007aab00000,0x00000007aaf00000)
  from space 1024K, 97% used [0x00000007aaf00000,0x00000007aaffa030,0x00000007ab000000)
  to   space 1536K, 0% used [0x00000007ab300000,0x00000007ab300000,0x00000007ab480000)
 ParOldGen       total 64000K, used 1116K [0x0000000780000000, 0x0000000783e80000, 0x00000007aab00000)
  object space 64000K, 1% used [0x0000000780000000,0x0000000780117158,0x0000000783e80000)
 Metaspace       used 8114K, capacity 8302K, committed 8576K, reserved 1056768K
  class space    used 1005K, capacity 1049K, committed 1152K, reserved 1048576K
}
Event: 1.796 GC heap before
{Heap before GC invocations=10 (full 0):
 PSYoungGen      total 5120K, used 5096K [0x00000007aab00000, 0x00000007ab480000, 0x00000007c0000000)
  eden space 4096K, 100% used [0x00000007aab00000,0x00000007aaf00000,0x00000007aaf00000)
  from space 1024K, 97% used [0x00000007aaf00000,0x00000007aaffa030,0x00000007ab000000)
  to   space 1536K, 0% used [0x00000007ab300000,0x00000007ab300000,0x00000007ab480000)
 ParOldGen       total 64000K, used 1116K [0x0000000780000000, 0x0000000783e80000, 0x00000007aab00000)
  object space 64000K, 1% used [0x0000000780000000,0x0000000780117158,0x0000000783e80000)
 Metaspace       used 8853K, capacity 8964K, committed 9216K, reserved 1056768K
  class space    used 1142K, capacity 1178K, committed 1280K, reserved 1048576K
Event: 1.801 GC heap after
Heap after GC invocations=10 (full 0):
 PSYoungGen      total 8192K, used 1152K [0x00000007aab00000, 0x00000007ab480000, 0x00000007c0000000)
  eden space 6656K, 0% used [0x00000007aab00000,0x00000007aab00000,0x00000007ab180000)
  from space 1536K, 75% used [0x00000007ab300000,0x00000007ab420000,0x00000007ab480000)
  to   space 1536K, 0% used [0x00000007ab180000,0x00000007ab180000,0x00000007ab300000)
 ParOldGen       total 64000K, used 1713K [0x0000000780000000, 0x0000000783e80000, 0x00000007aab00000)
  object space 64000K, 2% used [0x0000000780000000,0x00000007801ac770,0x0000000783e80000)
 Metaspace       used 8853K, capacity 8964K, committed 9216K, reserved 1056768K
  class space    used 1142K, capacity 1178K, committed 1280K, reserved 1048576K
}
Event: 1.984 GC heap before
{Heap before GC invocations=11 (full 0):
 PSYoungGen      total 8192K, used 7808K [0x00000007aab00000, 0x00000007ab480000, 0x00000007c0000000)
  eden space 6656K, 100% used [0x00000007aab00000,0x00000007ab180000,0x00000007ab180000)
  from space 1536K, 75% used [0x00000007ab300000,0x00000007ab420000,0x00000007ab480000)
  to   space 1536K, 0% used [0x00000007ab180000,0x00000007ab180000,0x00000007ab300000)
 ParOldGen       total 64000K, used 1713K [0x0000000780000000, 0x0000000783e80000, 0x00000007aab00000)
  object space 64000K, 2% used [0x0000000780000000,0x00000007801ac770,0x0000000783e80000)
 Metaspace       used 10639K, capacity 10802K, committed 11008K, reserved 1058816K
  class space    used 1422K, capacity 1474K, committed 1536K, reserved 1048576K
Event: 1.990 GC heap after
Heap after GC invocations=11 (full 0):
 PSYoungGen      total 8192K, used 802K [0x00000007aab00000, 0x00000007ab880000, 0x00000007c0000000)
  eden space 6656K, 0% used [0x00000007aab00000,0x00000007aab00000,0x00000007ab180000)
  from space 1536K, 52% used [0x00000007ab180000,0x00000007ab248b28,0x00000007ab300000)
  to   space 1536K, 0% used [0x00000007ab700000,0x00000007ab700000,0x00000007ab880000)
 ParOldGen       total 64000K, used 2827K [0x0000000780000000, 0x0000000783e80000, 0x00000007aab00000)
  object space 64000K, 4% used [0x0000000780000000,0x00000007802c2ef0,0x0000000783e80000)
 Metaspace       used 10639K, capacity 10802K, committed 11008K, reserved 1058816K
  class space    used 1422K, capacity 1474K, committed 1536K, reserved 1048576K
}
Event: 2.523 GC heap before
{Heap before GC invocations=12 (full 0):
 PSYoungGen      total 8192K, used 7458K [0x00000007aab00000, 0x00000007ab880000, 0x00000007c0000000)
  eden space 6656K, 100% used [0x00000007aab00000,0x00000007ab180000,0x00000007ab180000)
  from space 1536K, 52% used [0x00000007ab180000,0x00000007ab248b28,0x00000007ab300000)
  to   space 1536K, 0% used [0x00000007ab700000,0x00000007ab700000,0x00000007ab880000)
 ParOldGen       total 64000K, used 2827K [0x0000000780000000, 0x0000000783e80000, 0x00000007aab00000)
  object space 64000K, 4% used [0x0000000780000000,0x00000007802c2ef0,0x0000000783e80000)
 Metaspace       used 13803K, capacity 14016K, committed 14080K, reserved 1060864K
  class space    used 1948K, capacity 2017K, committed 2048K, reserved 1048576K
Event: 2.528 GC heap after
Heap after GC invocations=12 (full 0):
 PSYoungGen      total 12288K, used 1027K [0x00000007aab00000, 0x00000007ab880000, 0x00000007c0000000)
  eden space 10752K, 0% used [0x00000007aab00000,0x00000007aab00000,0x00000007ab580000)
  from space 1536K, 66% used [0x00000007ab700000,0x00000007ab800c88,0x00000007ab880000)
  to   space 1536K, 0% used [0x00000007ab580000,0x00000007ab580000,0x00000007ab700000)
 ParOldGen       total 64000K, used 3379K [0x0000000780000000, 0x0000000783e80000, 0x00000007aab00000)
  object space 64000K, 5% used [0x0000000780000000,0x000000078034cef0,0x0000000783e80000)
 Metaspace       used 13803K, capacity 14016K, committed 14080K, reserved 1060864K
  class space    used 1948K, capacity 2017K, committed 2048K, reserved 1048576K
}
Event: 3.465 GC heap before
{Heap before GC invocations=13 (full 0):
 PSYoungGen      total 12288K, used 11779K [0x00000007aab00000, 0x00000007ab880000, 0x00000007c0000000)
  eden space 10752K, 100% used [0x00000007aab00000,0x00000007ab580000,0x00000007ab580000)
  from space 1536K, 66% used [0x00000007ab700000,0x00000007ab800c88,0x00000007ab880000)
  to   space 1536K, 0% used [0x00000007ab580000,0x00000007ab580000,0x00000007ab700000)
 ParOldGen       total 64000K, used 3379K [0x0000000780000000, 0x0000000783e80000, 0x00000007aab00000)
  object space 64000K, 5% used [0x0000000780000000,0x000000078034cef0,0x0000000783e80000)
 Metaspace       used 16622K, capacity 16800K, committed 17024K, reserved 1062912K
  class space    used 2518K, capacity 2561K, committed 2688K, reserved 1048576K
Event: 3.504 GC heap after
Heap after GC invocations=13 (full 0):
 PSYoungGen      total 12288K, used 1536K [0x00000007aab00000, 0x00000007ac100000, 0x00000007c0000000)
  eden space 10752K, 0% used [0x00000007aab00000,0x00000007aab00000,0x00000007ab580000)
  from space 1536K, 100% used [0x00000007ab580000,0x00000007ab700000,0x00000007ab700000)
  to   space 2560K, 0% used [0x00000007abe80000,0x00000007abe80000,0x00000007ac100000)
 ParOldGen       total 64000K, used 4898K [0x0000000780000000, 0x0000000783e80000, 0x00000007aab00000)
  object space 64000K, 7% used [0x0000000780000000,0x00000007804c8a80,0x0000000783e80000)
 Metaspace       used 16622K, capacity 16800K, committed 17024K, reserved 1062912K
  class space    used 2518K, capacity 2561K, committed 2688K, reserved 1048576K
}

