# JRE version: Java(TM) SE Runtime Environment (8.0_11-b12) (build 1.8.0_11-b12)
# Java VM: Java HotSpot(TM) 64-Bit Server VM (25.11-b03 mixed mode bsd-amd64 compressed oops)
Heap:
 PSYoungGen      total 15360K, used 2074K [0x00000007aab00000, 0x00000007ac400000, 0x00000007c0000000)
  eden space 12800K, 1% used [0x00000007aab00000,0x00000007aab31ff0,0x00000007ab780000)
  from space 2560K, 73% used [0x00000007ab780000,0x00000007ab954a80,0x00000007aba00000)
  to   space 2560K, 0% used [0x00000007ac180000,0x00000007ac180000,0x00000007ac400000)
 ParOldGen       total 64000K, used 8888K [0x0000000780000000, 0x0000000783e80000, 0x00000007aab00000)
  object space 64000K, 13% used [0x0000000780000000,0x00000007808ae088,0x0000000783e80000)
 Metaspace       used 17336K, capacity 17472K, committed 17792K, reserved 1064960K
  class space    used 2606K, capacity 2657K, committed 2688K, reserved 1048576K
GC Heap History (10 events):
Event: 1.292 GC heap before
{Heap before GC invocations=7 (full 0):
 PSYoungGen      total 5120K, used 4800K [0x00000007aab00000, 0x00000007ab100000, 0x00000007c0000000)
  eden space 4096K, 100% used [0x00000007aab00000,0x00000007aaf00000,0x00000007aaf00000)
  from space 1024K, 68% used [0x00000007ab000000,0x00000007ab0b0010,0x00000007ab100000)
  to   space 1024K, 0% used [0x00000007aaf00000,0x00000007aaf00000,0x00000007ab000000)
 ParOldGen       total 64000K, used 848K [0x0000000780000000, 0x0000000783e80000, 0x00000007aab00000)
  object space 64000K, 1% used [0x0000000780000000,0x00000007800d4040,0x0000000783e80000)
 Metaspace       used 8000K, capacity 8206K, committed 8448K, reserved 1056768K
  class space    used 984K, capacity 1017K, committed 1024K, reserved 1048576K
Event: 1.296 GC heap after
Heap after GC invocations=7 (full 0):
 PSYoungGen      total 5120K, used 960K [0x00000007aab00000, 0x00000007ab600000, 0x00000007c0000000)
  eden space 4096K, 0% used [0x00000007aab00000,0x00000007aab00000,0x00000007aaf00000)
  from space 1024K, 93% used [0x00000007aaf00000,0x00000007aaff0020,0x00000007ab000000)
  to   space 1536K, 0% used [0x00000007ab480000,0x00000007ab480000,0x00000007ab600000)
 ParOldGen       total 64000K, used 1064K [0x0000000780000000, 0x0000000783e80000, 0x00000007aab00000)
  object space 64000K, 1% used [0x0000000780000000,0x000000078010a060,0x0000000783e80000)
 Metaspace       used 8000K, capacity 8206K, committed 8448K, reserved 1056768K
  class space    used 984K, capacity 1017K, committed 1024K, reserved 1048576K
}
Event: 1.456 GC heap before
{Heap before GC invocations=8 (full 0):
 PSYoungGen      total 5120K, used 5056K [0x00000007aab00000, 0x00000007ab600000, 0x00000007c0000000)
  eden space 4096K, 100% used [0x00000007aab00000,0x00000007aaf00000,0x00000007aaf00000)
  from space 1024K, 93% used [0x00000007aaf00000,0x00000007aaff0020,0x00000007ab000000)
  to   space 1536K, 0% used [0x00000007ab480000,0x00000007ab480000,0x00000007ab600000)
 ParOldGen       total 64000K, used 1064K [0x0000000780000000, 0x0000000783e80000, 0x00000007aab00000)
  object space 64000K, 1% used [0x0000000780000000,0x000000078010a060,0x0000000783e80000)
 Metaspace       used 8766K, capacity 8862K, committed 9088K, reserved 1056768K
  class space    used 1113K, capacity 1145K, committed 1152K, reserved 1048576K
Event: 1.461 GC heap after
Heap after GC invocations=8 (full 0):
 PSYoungGen      total 9728K, used 1504K [0x00000007aab00000, 0x00000007ab600000, 0x00000007c0000000)
  eden space 8192K, 0% used [0x00000007aab00000,0x00000007aab00000,0x00000007ab300000)
  from space 1536K, 97% used [0x00000007ab480000,0x00000007ab5f8020,0x00000007ab600000)
  to   space 1536K, 0% used [0x00000007ab300000,0x00000007ab300000,0x00000007ab480000)
 ParOldGen       total 64000K, used 1224K [0x0000000780000000, 0x0000000783e80000, 0x00000007aab00000)
  object space 64000K, 1% used [0x0000000780000000,0x0000000780132060,0x0000000783e80000)
 Metaspace       used 8766K, capacity 8862K, committed 9088K, reserved 1056768K
  class space    used 1113K, capacity 1145K, committed 1152K, reserved 1048576K
}
Event: 1.831 GC heap before
{Heap before GC invocations=9 (full 0):
 PSYoungGen      total 9728K, used 9696K [0x00000007aab00000, 0x00000007ab600000, 0x00000007c0000000)
  eden space 8192K, 100% used [0x00000007aab00000,0x00000007ab300000,0x00000007ab300000)
  from space 1536K, 97% used [0x00000007ab480000,0x00000007ab5f8020,0x00000007ab600000)
  to   space 1536K, 0% used [0x00000007ab300000,0x00000007ab300000,0x00000007ab480000)
 ParOldGen       total 64000K, used 1224K [0x0000000780000000, 0x0000000783e80000, 0x00000007aab00000)
  object space 64000K, 1% used [0x0000000780000000,0x0000000780132060,0x0000000783e80000)
 Metaspace       used 10791K, capacity 10982K, committed 11008K, reserved 1058816K
  class space    used 1458K, capacity 1532K, committed 1536K, reserved 1048576K
Event: 1.840 GC heap after
Heap after GC invocations=9 (full 0):
 PSYoungGen      total 9728K, used 1504K [0x00000007aab00000, 0x00000007abc00000, 0x00000007c0000000)
  eden space 8192K, 0% used [0x00000007aab00000,0x00000007aab00000,0x00000007ab300000)
  from space 1536K, 97% used [0x00000007ab300000,0x00000007ab478010,0x00000007ab480000)
  to   space 2048K, 0% used [0x00000007aba00000,0x00000007aba00000,0x00000007abc00000)
 ParOldGen       total 64000K, used 2095K [0x0000000780000000, 0x0000000783e80000, 0x00000007aab00000)
  object space 64000K, 3% used [0x0000000780000000,0x000000078020bf78,0x0000000783e80000)
 Metaspace       used 10791K, capacity 10982K, committed 11008K, reserved 1058816K
  class space    used 1458K, capacity 1532K, committed 1536K, reserved 1048576K
}
Event: 2.836 GC heap before
{Heap before GC invocations=10 (full 0):
 PSYoungGen      total 9728K, used 9696K [0x00000007aab00000, 0x00000007abc00000, 0x00000007c0000000)
  eden space 8192K, 100% used [0x00000007aab00000,0x00000007ab300000,0x00000007ab300000)
  from space 1536K, 97% used [0x00000007ab300000,0x00000007ab478010,0x00000007ab480000)
  to   space 2048K, 0% used [0x00000007aba00000,0x00000007aba00000,0x00000007abc00000)
 ParOldGen       total 64000K, used 2095K [0x0000000780000000, 0x0000000783e80000, 0x00000007aab00000)
  object space 64000K, 3% used [0x0000000780000000,0x000000078020bf78,0x0000000783e80000)
 Metaspace       used 14339K, capacity 14560K, committed 14720K, reserved 1062912K
  class space    used 2042K, capacity 2113K, committed 2176K, reserved 1048576K
Event: 2.846 GC heap after
Heap after GC invocations=10 (full 0):
 PSYoungGen      total 14848K, used 1795K [0x00000007aab00000, 0x00000007abd00000, 0x00000007c0000000)
  eden space 12800K, 0% used [0x00000007aab00000,0x00000007aab00000,0x00000007ab780000)
  from space 2048K, 87% used [0x00000007aba00000,0x00000007abbc0cf0,0x00000007abc00000)
  to   space 2560K, 0% used [0x00000007ab780000,0x00000007ab780000,0x00000007aba00000)
 ParOldGen       total 64000K, used 3191K [0x0000000780000000, 0x0000000783e80000, 0x00000007aab00000)
  object space 64000K, 4% used [0x0000000780000000,0x000000078031df88,0x0000000783e80000)
 Metaspace       used 14339K, capacity 14560K, committed 14720K, reserved 1062912K
  class space    used 2042K, capacity 2113K, committed 2176K, reserved 1048576K
}
Event: 5.766 GC heap before
{Heap before GC invocations=11 (full 0):
 PSYoungGen      total 14848K, used 14595K [0x00000007aab00000, 0x00000007abd00000, 0x00000007c0000000)
  eden space 12800K, 100% used [0x00000007aab00000,0x00000007ab780000,0x00000007ab780000)
  from space 2048K, 87% used [0x00000007aba00000,0x00000007abbc0cf0,0x00000007abc00000)
  to   space 2560K, 0% used [0x00000007ab780000,0x00000007ab780000,0x00000007aba00000)
 ParOldGen       total 64000K, used 3191K [0x0000000780000000, 0x0000000783e80000, 0x00000007aab00000)
  object space 64000K, 4% used [0x0000000780000000,0x000000078031df88,0x0000000783e80000)
 Metaspace       used 17267K, capacity 17472K, committed 17792K, reserved 1064960K
  class space    used 2595K, capacity 2657K, committed 2688K, reserved 1048576K
Event: 5.786 GC heap after
Heap after GC invocations=11 (full 0):
 PSYoungGen      total 15360K, used 1874K [0x00000007aab00000, 0x00000007ac400000, 0x00000007c0000000)
  eden space 12800K, 0% used [0x00000007aab00000,0x00000007aab00000,0x00000007ab780000)
  from space 2560K, 73% used [0x00000007ab780000,0x00000007ab954a80,0x00000007aba00000)
  to   space 2560K, 0% used [0x00000007ac180000,0x00000007ac180000,0x00000007ac400000)
 ParOldGen       total 64000K, used 8888K [0x0000000780000000, 0x0000000783e80000, 0x00000007aab00000)
  object space 64000K, 13% used [0x0000000780000000,0x00000007808ae088,0x0000000783e80000)
 Metaspace       used 17267K, capacity 17472K, committed 17792K, reserved 1064960K
  class space    used 2595K, capacity 2657K, committed 2688K, reserved 1048576K
}

